<?xml version="1.0" encoding="UTF-8"?>
<!-- Generated by org.testng.reporters.JUnitReportReporter -->
<testsuite hostname="Prasad" failures="0" tests="1" name="setup.BaseTest" time="3.607" errors="0" timestamp="02 Jan 2023 07:25:19 GMT" skipped="0">
  <testcase classname="setup.BaseTest" name="openApplication" time="3.607"/>
</testsuite> <!-- setup.BaseTest -->
