<?xml version="1.0" encoding="UTF-8"?>
<!-- Generated by org.testng.reporters.JUnitReportReporter -->
<testsuite hostname="Prasad" failures="0" tests="1" name="pageObject.SecondHighestRateTelevision" time="14.969" errors="0" timestamp="02 Jan 2023 12:11:38 GMT" skipped="0">
  <testcase classname="pageObject.SecondHighestRateTelevision" name="fetchDetails" time="14.969"/>
</testsuite> <!-- pageObject.SecondHighestRateTelevision -->
